0 info it worked if it ends with ok
1 verbose cli [ 'node', '/usr/local/bin/npm', 'version', 'patch', '--bump' ]
2 info using npm@1.1.69
3 info using node@v0.8.16
4 silly exec git "status" "--porcelain"
5 silly git,status,--porcelain, spawning
6 error Error: Git working directory not clean.
6 error M log_table.js
6 error     at /usr/local/lib/node_modules/npm/lib/version.js:82:33
6 error     at ChildProcess.<anonymous> (/usr/local/lib/node_modules/npm/lib/utils/exec.js:61:5)
6 error     at ChildProcess.EventEmitter.emit (events.js:99:17)
6 error     at Process._handle.onexit (child_process.js:678:10)
7 error If you need help, you may report this log at:
7 error     <http://github.com/isaacs/npm/issues>
7 error or email it to:
7 error     <npm-@googlegroups.com>
8 error System Darwin 12.4.0
9 error command "node" "/usr/local/bin/npm" "version" "patch" "--bump"
10 error cwd /Users/mazimi/Dropbox/Projects/better-console
11 error node -v v0.8.16
12 error npm -v 1.1.69
13 verbose exit [ 1, true ]
